ARM GAS  /tmp/ccQ1fsUP.s 			page 1


   1              		.cpu cortex-m3
   2              		.eabi_attribute 20, 1
   3              		.eabi_attribute 21, 1
   4              		.eabi_attribute 23, 3
   5              		.eabi_attribute 24, 1
   6              		.eabi_attribute 25, 1
   7              		.eabi_attribute 26, 1
   8              		.eabi_attribute 30, 1
   9              		.eabi_attribute 34, 1
  10              		.eabi_attribute 18, 4
  11              		.file	"stm32f1xx_hal_msp.c"
  12              		.text
  13              	.Ltext0:
  14              		.cfi_sections	.debug_frame
  15              		.section	.text.HAL_MspInit,"ax",%progbits
  16              		.align	1
  17              		.global	HAL_MspInit
  18              		.arch armv7-m
  19              		.syntax unified
  20              		.thumb
  21              		.thumb_func
  22              		.fpu softvfp
  24              	HAL_MspInit:
  25              	.LFB63:
  26              		.file 1 "Core/Src/stm32f1xx_hal_msp.c"
   1:Core/Src/stm32f1xx_hal_msp.c **** 
   2:Core/Src/stm32f1xx_hal_msp.c **** /* USER CODE BEGIN Header */
   3:Core/Src/stm32f1xx_hal_msp.c **** /**
   4:Core/Src/stm32f1xx_hal_msp.c ****   ******************************************************************************
   5:Core/Src/stm32f1xx_hal_msp.c ****   * @file         stm32f1xx_hal_msp.c
   6:Core/Src/stm32f1xx_hal_msp.c ****   * @brief        This file provides code for the MSP Initialization
   7:Core/Src/stm32f1xx_hal_msp.c ****   *               and de-Initialization codes.
   8:Core/Src/stm32f1xx_hal_msp.c ****   ******************************************************************************
   9:Core/Src/stm32f1xx_hal_msp.c ****   * @attention
  10:Core/Src/stm32f1xx_hal_msp.c ****   *
  11:Core/Src/stm32f1xx_hal_msp.c ****   * Copyright (c) 2025 STMicroelectronics.
  12:Core/Src/stm32f1xx_hal_msp.c ****   * All rights reserved.
  13:Core/Src/stm32f1xx_hal_msp.c ****   *
  14:Core/Src/stm32f1xx_hal_msp.c ****   * This software is licensed under terms that can be found in the LICENSE file
  15:Core/Src/stm32f1xx_hal_msp.c ****   * in the root directory of this software component.
  16:Core/Src/stm32f1xx_hal_msp.c ****   * If no LICENSE file comes with this software, it is provided AS-IS.
  17:Core/Src/stm32f1xx_hal_msp.c ****   *
  18:Core/Src/stm32f1xx_hal_msp.c ****   ******************************************************************************
  19:Core/Src/stm32f1xx_hal_msp.c ****   */
  20:Core/Src/stm32f1xx_hal_msp.c **** /* USER CODE END Header */
  21:Core/Src/stm32f1xx_hal_msp.c **** 
  22:Core/Src/stm32f1xx_hal_msp.c **** /* Includes ------------------------------------------------------------------*/
  23:Core/Src/stm32f1xx_hal_msp.c **** #include "main.h"
  24:Core/Src/stm32f1xx_hal_msp.c **** /* USER CODE BEGIN Includes */
  25:Core/Src/stm32f1xx_hal_msp.c **** 
  26:Core/Src/stm32f1xx_hal_msp.c **** /* USER CODE END Includes */
  27:Core/Src/stm32f1xx_hal_msp.c **** 
  28:Core/Src/stm32f1xx_hal_msp.c **** /* Private typedef -----------------------------------------------------------*/
  29:Core/Src/stm32f1xx_hal_msp.c **** /* USER CODE BEGIN TD */
  30:Core/Src/stm32f1xx_hal_msp.c **** 
  31:Core/Src/stm32f1xx_hal_msp.c **** /* USER CODE END TD */
  32:Core/Src/stm32f1xx_hal_msp.c **** 
ARM GAS  /tmp/ccQ1fsUP.s 			page 2


  33:Core/Src/stm32f1xx_hal_msp.c **** /* Private define ------------------------------------------------------------*/
  34:Core/Src/stm32f1xx_hal_msp.c **** /* USER CODE BEGIN Define */
  35:Core/Src/stm32f1xx_hal_msp.c **** 
  36:Core/Src/stm32f1xx_hal_msp.c **** /* USER CODE END Define */
  37:Core/Src/stm32f1xx_hal_msp.c **** 
  38:Core/Src/stm32f1xx_hal_msp.c **** /* Private macro -------------------------------------------------------------*/
  39:Core/Src/stm32f1xx_hal_msp.c **** /* USER CODE BEGIN Macro */
  40:Core/Src/stm32f1xx_hal_msp.c **** 
  41:Core/Src/stm32f1xx_hal_msp.c **** /* USER CODE END Macro */
  42:Core/Src/stm32f1xx_hal_msp.c **** 
  43:Core/Src/stm32f1xx_hal_msp.c **** /* Private variables ---------------------------------------------------------*/
  44:Core/Src/stm32f1xx_hal_msp.c **** /* USER CODE BEGIN PV */
  45:Core/Src/stm32f1xx_hal_msp.c **** 
  46:Core/Src/stm32f1xx_hal_msp.c **** /* USER CODE END PV */
  47:Core/Src/stm32f1xx_hal_msp.c **** 
  48:Core/Src/stm32f1xx_hal_msp.c **** /* Private function prototypes -----------------------------------------------*/
  49:Core/Src/stm32f1xx_hal_msp.c **** /* USER CODE BEGIN PFP */
  50:Core/Src/stm32f1xx_hal_msp.c **** 
  51:Core/Src/stm32f1xx_hal_msp.c **** /* USER CODE END PFP */
  52:Core/Src/stm32f1xx_hal_msp.c **** 
  53:Core/Src/stm32f1xx_hal_msp.c **** /* External functions --------------------------------------------------------*/
  54:Core/Src/stm32f1xx_hal_msp.c **** /* USER CODE BEGIN ExternalFunctions */
  55:Core/Src/stm32f1xx_hal_msp.c **** 
  56:Core/Src/stm32f1xx_hal_msp.c **** /* USER CODE END ExternalFunctions */
  57:Core/Src/stm32f1xx_hal_msp.c **** 
  58:Core/Src/stm32f1xx_hal_msp.c **** /* USER CODE BEGIN 0 */
  59:Core/Src/stm32f1xx_hal_msp.c **** 
  60:Core/Src/stm32f1xx_hal_msp.c **** /* USER CODE END 0 */
  61:Core/Src/stm32f1xx_hal_msp.c **** /**
  62:Core/Src/stm32f1xx_hal_msp.c ****   * Initializes the Global MSP.
  63:Core/Src/stm32f1xx_hal_msp.c ****   */
  64:Core/Src/stm32f1xx_hal_msp.c **** void HAL_MspInit(void)
  65:Core/Src/stm32f1xx_hal_msp.c **** {
  27              		.loc 1 65 1 view -0
  28              		.cfi_startproc
  29              		@ args = 0, pretend = 0, frame = 8
  30              		@ frame_needed = 0, uses_anonymous_args = 0
  31              		@ link register save eliminated.
  32 0000 82B0     		sub	sp, sp, #8
  33              	.LCFI0:
  34              		.cfi_def_cfa_offset 8
  66:Core/Src/stm32f1xx_hal_msp.c **** 
  67:Core/Src/stm32f1xx_hal_msp.c ****   /* USER CODE BEGIN MspInit 0 */
  68:Core/Src/stm32f1xx_hal_msp.c **** 
  69:Core/Src/stm32f1xx_hal_msp.c ****   /* USER CODE END MspInit 0 */
  70:Core/Src/stm32f1xx_hal_msp.c **** 
  71:Core/Src/stm32f1xx_hal_msp.c ****   __HAL_RCC_AFIO_CLK_ENABLE();
  35              		.loc 1 71 3 view .LVU1
  36              	.LBB2:
  37              		.loc 1 71 3 view .LVU2
  38              		.loc 1 71 3 view .LVU3
  39 0002 0E4B     		ldr	r3, .L3
  40 0004 9A69     		ldr	r2, [r3, #24]
  41 0006 42F00102 		orr	r2, r2, #1
  42 000a 9A61     		str	r2, [r3, #24]
  43              		.loc 1 71 3 view .LVU4
  44 000c 9A69     		ldr	r2, [r3, #24]
ARM GAS  /tmp/ccQ1fsUP.s 			page 3


  45 000e 02F00102 		and	r2, r2, #1
  46 0012 0092     		str	r2, [sp]
  47              		.loc 1 71 3 view .LVU5
  48 0014 009A     		ldr	r2, [sp]
  49              	.LBE2:
  50              		.loc 1 71 3 view .LVU6
  72:Core/Src/stm32f1xx_hal_msp.c ****   __HAL_RCC_PWR_CLK_ENABLE();
  51              		.loc 1 72 3 view .LVU7
  52              	.LBB3:
  53              		.loc 1 72 3 view .LVU8
  54              		.loc 1 72 3 view .LVU9
  55 0016 DA69     		ldr	r2, [r3, #28]
  56 0018 42F08052 		orr	r2, r2, #268435456
  57 001c DA61     		str	r2, [r3, #28]
  58              		.loc 1 72 3 view .LVU10
  59 001e DB69     		ldr	r3, [r3, #28]
  60 0020 03F08053 		and	r3, r3, #268435456
  61 0024 0193     		str	r3, [sp, #4]
  62              		.loc 1 72 3 view .LVU11
  63 0026 019B     		ldr	r3, [sp, #4]
  64              	.LBE3:
  65              		.loc 1 72 3 view .LVU12
  73:Core/Src/stm32f1xx_hal_msp.c **** 
  74:Core/Src/stm32f1xx_hal_msp.c ****   /* System interrupt init*/
  75:Core/Src/stm32f1xx_hal_msp.c **** 
  76:Core/Src/stm32f1xx_hal_msp.c ****   /** NOJTAG: JTAG-DP Disabled and SW-DP Enabled
  77:Core/Src/stm32f1xx_hal_msp.c ****   */
  78:Core/Src/stm32f1xx_hal_msp.c ****   __HAL_AFIO_REMAP_SWJ_NOJTAG();
  66              		.loc 1 78 3 view .LVU13
  67              	.LBB4:
  68              		.loc 1 78 3 view .LVU14
  69 0028 054A     		ldr	r2, .L3+4
  70 002a 5368     		ldr	r3, [r2, #4]
  71              	.LVL0:
  72              		.loc 1 78 3 view .LVU15
  73 002c 23F0E063 		bic	r3, r3, #117440512
  74              	.LVL1:
  75              		.loc 1 78 3 view .LVU16
  76 0030 43F00073 		orr	r3, r3, #33554432
  77              	.LVL2:
  78              		.loc 1 78 3 view .LVU17
  79 0034 5360     		str	r3, [r2, #4]
  80              	.LBE4:
  81              		.loc 1 78 3 view .LVU18
  79:Core/Src/stm32f1xx_hal_msp.c **** 
  80:Core/Src/stm32f1xx_hal_msp.c ****   /* USER CODE BEGIN MspInit 1 */
  81:Core/Src/stm32f1xx_hal_msp.c **** 
  82:Core/Src/stm32f1xx_hal_msp.c ****   /* USER CODE END MspInit 1 */
  83:Core/Src/stm32f1xx_hal_msp.c **** }
  82              		.loc 1 83 1 is_stmt 0 view .LVU19
  83 0036 02B0     		add	sp, sp, #8
  84              	.LCFI1:
  85              		.cfi_def_cfa_offset 0
  86              		@ sp needed
  87 0038 7047     		bx	lr
  88              	.L4:
  89 003a 00BF     		.align	2
ARM GAS  /tmp/ccQ1fsUP.s 			page 4


  90              	.L3:
  91 003c 00100240 		.word	1073876992
  92 0040 00000140 		.word	1073807360
  93              		.cfi_endproc
  94              	.LFE63:
  96              		.section	.text.HAL_I2C_MspInit,"ax",%progbits
  97              		.align	1
  98              		.global	HAL_I2C_MspInit
  99              		.syntax unified
 100              		.thumb
 101              		.thumb_func
 102              		.fpu softvfp
 104              	HAL_I2C_MspInit:
 105              	.LVL3:
 106              	.LFB64:
  84:Core/Src/stm32f1xx_hal_msp.c **** 
  85:Core/Src/stm32f1xx_hal_msp.c **** /**
  86:Core/Src/stm32f1xx_hal_msp.c **** * @brief I2C MSP Initialization
  87:Core/Src/stm32f1xx_hal_msp.c **** * This function configures the hardware resources used in this example
  88:Core/Src/stm32f1xx_hal_msp.c **** * @param hi2c: I2C handle pointer
  89:Core/Src/stm32f1xx_hal_msp.c **** * @retval None
  90:Core/Src/stm32f1xx_hal_msp.c **** */
  91:Core/Src/stm32f1xx_hal_msp.c **** void HAL_I2C_MspInit(I2C_HandleTypeDef* hi2c)
  92:Core/Src/stm32f1xx_hal_msp.c **** {
 107              		.loc 1 92 1 is_stmt 1 view -0
 108              		.cfi_startproc
 109              		@ args = 0, pretend = 0, frame = 24
 110              		@ frame_needed = 0, uses_anonymous_args = 0
 111              		.loc 1 92 1 is_stmt 0 view .LVU21
 112 0000 10B5     		push	{r4, lr}
 113              	.LCFI2:
 114              		.cfi_def_cfa_offset 8
 115              		.cfi_offset 4, -8
 116              		.cfi_offset 14, -4
 117 0002 86B0     		sub	sp, sp, #24
 118              	.LCFI3:
 119              		.cfi_def_cfa_offset 32
  93:Core/Src/stm32f1xx_hal_msp.c ****   GPIO_InitTypeDef GPIO_InitStruct = {0};
 120              		.loc 1 93 3 is_stmt 1 view .LVU22
 121              		.loc 1 93 20 is_stmt 0 view .LVU23
 122 0004 0023     		movs	r3, #0
 123 0006 0293     		str	r3, [sp, #8]
 124 0008 0393     		str	r3, [sp, #12]
 125 000a 0493     		str	r3, [sp, #16]
 126 000c 0593     		str	r3, [sp, #20]
  94:Core/Src/stm32f1xx_hal_msp.c ****   if(hi2c->Instance==I2C1)
 127              		.loc 1 94 3 is_stmt 1 view .LVU24
 128              		.loc 1 94 10 is_stmt 0 view .LVU25
 129 000e 0268     		ldr	r2, [r0]
 130              		.loc 1 94 5 view .LVU26
 131 0010 114B     		ldr	r3, .L9
 132 0012 9A42     		cmp	r2, r3
 133 0014 01D0     		beq	.L8
 134              	.LVL4:
 135              	.L5:
  95:Core/Src/stm32f1xx_hal_msp.c ****   {
  96:Core/Src/stm32f1xx_hal_msp.c ****   /* USER CODE BEGIN I2C1_MspInit 0 */
ARM GAS  /tmp/ccQ1fsUP.s 			page 5


  97:Core/Src/stm32f1xx_hal_msp.c **** 
  98:Core/Src/stm32f1xx_hal_msp.c ****   /* USER CODE END I2C1_MspInit 0 */
  99:Core/Src/stm32f1xx_hal_msp.c **** 
 100:Core/Src/stm32f1xx_hal_msp.c ****     __HAL_RCC_GPIOB_CLK_ENABLE();
 101:Core/Src/stm32f1xx_hal_msp.c ****     /**I2C1 GPIO Configuration
 102:Core/Src/stm32f1xx_hal_msp.c ****     PB6     ------> I2C1_SCL
 103:Core/Src/stm32f1xx_hal_msp.c ****     PB7     ------> I2C1_SDA
 104:Core/Src/stm32f1xx_hal_msp.c ****     */
 105:Core/Src/stm32f1xx_hal_msp.c ****     GPIO_InitStruct.Pin = GPIO_PIN_6|GPIO_PIN_7;
 106:Core/Src/stm32f1xx_hal_msp.c ****     GPIO_InitStruct.Mode = GPIO_MODE_AF_OD;
 107:Core/Src/stm32f1xx_hal_msp.c ****     GPIO_InitStruct.Speed = GPIO_SPEED_FREQ_HIGH;
 108:Core/Src/stm32f1xx_hal_msp.c ****     HAL_GPIO_Init(GPIOB, &GPIO_InitStruct);
 109:Core/Src/stm32f1xx_hal_msp.c **** 
 110:Core/Src/stm32f1xx_hal_msp.c ****     /* Peripheral clock enable */
 111:Core/Src/stm32f1xx_hal_msp.c ****     __HAL_RCC_I2C1_CLK_ENABLE();
 112:Core/Src/stm32f1xx_hal_msp.c ****   /* USER CODE BEGIN I2C1_MspInit 1 */
 113:Core/Src/stm32f1xx_hal_msp.c **** 
 114:Core/Src/stm32f1xx_hal_msp.c ****   /* USER CODE END I2C1_MspInit 1 */
 115:Core/Src/stm32f1xx_hal_msp.c **** 
 116:Core/Src/stm32f1xx_hal_msp.c ****   }
 117:Core/Src/stm32f1xx_hal_msp.c **** 
 118:Core/Src/stm32f1xx_hal_msp.c **** }
 136              		.loc 1 118 1 view .LVU27
 137 0016 06B0     		add	sp, sp, #24
 138              	.LCFI4:
 139              		.cfi_remember_state
 140              		.cfi_def_cfa_offset 8
 141              		@ sp needed
 142 0018 10BD     		pop	{r4, pc}
 143              	.LVL5:
 144              	.L8:
 145              	.LCFI5:
 146              		.cfi_restore_state
 100:Core/Src/stm32f1xx_hal_msp.c ****     /**I2C1 GPIO Configuration
 147              		.loc 1 100 5 is_stmt 1 view .LVU28
 148              	.LBB5:
 100:Core/Src/stm32f1xx_hal_msp.c ****     /**I2C1 GPIO Configuration
 149              		.loc 1 100 5 view .LVU29
 100:Core/Src/stm32f1xx_hal_msp.c ****     /**I2C1 GPIO Configuration
 150              		.loc 1 100 5 view .LVU30
 151 001a 104C     		ldr	r4, .L9+4
 152 001c A369     		ldr	r3, [r4, #24]
 153 001e 43F00803 		orr	r3, r3, #8
 154 0022 A361     		str	r3, [r4, #24]
 100:Core/Src/stm32f1xx_hal_msp.c ****     /**I2C1 GPIO Configuration
 155              		.loc 1 100 5 view .LVU31
 156 0024 A369     		ldr	r3, [r4, #24]
 157 0026 03F00803 		and	r3, r3, #8
 158 002a 0093     		str	r3, [sp]
 100:Core/Src/stm32f1xx_hal_msp.c ****     /**I2C1 GPIO Configuration
 159              		.loc 1 100 5 view .LVU32
 160 002c 009B     		ldr	r3, [sp]
 161              	.LBE5:
 100:Core/Src/stm32f1xx_hal_msp.c ****     /**I2C1 GPIO Configuration
 162              		.loc 1 100 5 view .LVU33
 105:Core/Src/stm32f1xx_hal_msp.c ****     GPIO_InitStruct.Mode = GPIO_MODE_AF_OD;
 163              		.loc 1 105 5 view .LVU34
ARM GAS  /tmp/ccQ1fsUP.s 			page 6


 105:Core/Src/stm32f1xx_hal_msp.c ****     GPIO_InitStruct.Mode = GPIO_MODE_AF_OD;
 164              		.loc 1 105 25 is_stmt 0 view .LVU35
 165 002e C023     		movs	r3, #192
 166 0030 0293     		str	r3, [sp, #8]
 106:Core/Src/stm32f1xx_hal_msp.c ****     GPIO_InitStruct.Speed = GPIO_SPEED_FREQ_HIGH;
 167              		.loc 1 106 5 is_stmt 1 view .LVU36
 106:Core/Src/stm32f1xx_hal_msp.c ****     GPIO_InitStruct.Speed = GPIO_SPEED_FREQ_HIGH;
 168              		.loc 1 106 26 is_stmt 0 view .LVU37
 169 0032 1223     		movs	r3, #18
 170 0034 0393     		str	r3, [sp, #12]
 107:Core/Src/stm32f1xx_hal_msp.c ****     HAL_GPIO_Init(GPIOB, &GPIO_InitStruct);
 171              		.loc 1 107 5 is_stmt 1 view .LVU38
 107:Core/Src/stm32f1xx_hal_msp.c ****     HAL_GPIO_Init(GPIOB, &GPIO_InitStruct);
 172              		.loc 1 107 27 is_stmt 0 view .LVU39
 173 0036 0323     		movs	r3, #3
 174 0038 0593     		str	r3, [sp, #20]
 108:Core/Src/stm32f1xx_hal_msp.c **** 
 175              		.loc 1 108 5 is_stmt 1 view .LVU40
 176 003a 02A9     		add	r1, sp, #8
 177 003c 0848     		ldr	r0, .L9+8
 178              	.LVL6:
 108:Core/Src/stm32f1xx_hal_msp.c **** 
 179              		.loc 1 108 5 is_stmt 0 view .LVU41
 180 003e FFF7FEFF 		bl	HAL_GPIO_Init
 181              	.LVL7:
 111:Core/Src/stm32f1xx_hal_msp.c ****   /* USER CODE BEGIN I2C1_MspInit 1 */
 182              		.loc 1 111 5 is_stmt 1 view .LVU42
 183              	.LBB6:
 111:Core/Src/stm32f1xx_hal_msp.c ****   /* USER CODE BEGIN I2C1_MspInit 1 */
 184              		.loc 1 111 5 view .LVU43
 111:Core/Src/stm32f1xx_hal_msp.c ****   /* USER CODE BEGIN I2C1_MspInit 1 */
 185              		.loc 1 111 5 view .LVU44
 186 0042 E369     		ldr	r3, [r4, #28]
 187 0044 43F40013 		orr	r3, r3, #2097152
 188 0048 E361     		str	r3, [r4, #28]
 111:Core/Src/stm32f1xx_hal_msp.c ****   /* USER CODE BEGIN I2C1_MspInit 1 */
 189              		.loc 1 111 5 view .LVU45
 190 004a E369     		ldr	r3, [r4, #28]
 191 004c 03F40013 		and	r3, r3, #2097152
 192 0050 0193     		str	r3, [sp, #4]
 111:Core/Src/stm32f1xx_hal_msp.c ****   /* USER CODE BEGIN I2C1_MspInit 1 */
 193              		.loc 1 111 5 view .LVU46
 194 0052 019B     		ldr	r3, [sp, #4]
 195              	.LBE6:
 111:Core/Src/stm32f1xx_hal_msp.c ****   /* USER CODE BEGIN I2C1_MspInit 1 */
 196              		.loc 1 111 5 view .LVU47
 197              		.loc 1 118 1 is_stmt 0 view .LVU48
 198 0054 DFE7     		b	.L5
 199              	.L10:
 200 0056 00BF     		.align	2
 201              	.L9:
 202 0058 00540040 		.word	1073763328
 203 005c 00100240 		.word	1073876992
 204 0060 000C0140 		.word	1073810432
 205              		.cfi_endproc
 206              	.LFE64:
 208              		.section	.text.HAL_I2C_MspDeInit,"ax",%progbits
ARM GAS  /tmp/ccQ1fsUP.s 			page 7


 209              		.align	1
 210              		.global	HAL_I2C_MspDeInit
 211              		.syntax unified
 212              		.thumb
 213              		.thumb_func
 214              		.fpu softvfp
 216              	HAL_I2C_MspDeInit:
 217              	.LVL8:
 218              	.LFB65:
 119:Core/Src/stm32f1xx_hal_msp.c **** 
 120:Core/Src/stm32f1xx_hal_msp.c **** /**
 121:Core/Src/stm32f1xx_hal_msp.c **** * @brief I2C MSP De-Initialization
 122:Core/Src/stm32f1xx_hal_msp.c **** * This function freeze the hardware resources used in this example
 123:Core/Src/stm32f1xx_hal_msp.c **** * @param hi2c: I2C handle pointer
 124:Core/Src/stm32f1xx_hal_msp.c **** * @retval None
 125:Core/Src/stm32f1xx_hal_msp.c **** */
 126:Core/Src/stm32f1xx_hal_msp.c **** void HAL_I2C_MspDeInit(I2C_HandleTypeDef* hi2c)
 127:Core/Src/stm32f1xx_hal_msp.c **** {
 219              		.loc 1 127 1 is_stmt 1 view -0
 220              		.cfi_startproc
 221              		@ args = 0, pretend = 0, frame = 0
 222              		@ frame_needed = 0, uses_anonymous_args = 0
 128:Core/Src/stm32f1xx_hal_msp.c ****   if(hi2c->Instance==I2C1)
 223              		.loc 1 128 3 view .LVU50
 224              		.loc 1 128 10 is_stmt 0 view .LVU51
 225 0000 0268     		ldr	r2, [r0]
 226              		.loc 1 128 5 view .LVU52
 227 0002 0A4B     		ldr	r3, .L18
 228 0004 9A42     		cmp	r2, r3
 229 0006 00D0     		beq	.L17
 230 0008 7047     		bx	lr
 231              	.L17:
 127:Core/Src/stm32f1xx_hal_msp.c ****   if(hi2c->Instance==I2C1)
 232              		.loc 1 127 1 view .LVU53
 233 000a 10B5     		push	{r4, lr}
 234              	.LCFI6:
 235              		.cfi_def_cfa_offset 8
 236              		.cfi_offset 4, -8
 237              		.cfi_offset 14, -4
 129:Core/Src/stm32f1xx_hal_msp.c ****   {
 130:Core/Src/stm32f1xx_hal_msp.c ****   /* USER CODE BEGIN I2C1_MspDeInit 0 */
 131:Core/Src/stm32f1xx_hal_msp.c **** 
 132:Core/Src/stm32f1xx_hal_msp.c ****   /* USER CODE END I2C1_MspDeInit 0 */
 133:Core/Src/stm32f1xx_hal_msp.c ****     /* Peripheral clock disable */
 134:Core/Src/stm32f1xx_hal_msp.c ****     __HAL_RCC_I2C1_CLK_DISABLE();
 238              		.loc 1 134 5 is_stmt 1 view .LVU54
 239 000c 084A     		ldr	r2, .L18+4
 240 000e D369     		ldr	r3, [r2, #28]
 241 0010 23F40013 		bic	r3, r3, #2097152
 242 0014 D361     		str	r3, [r2, #28]
 135:Core/Src/stm32f1xx_hal_msp.c **** 
 136:Core/Src/stm32f1xx_hal_msp.c ****     /**I2C1 GPIO Configuration
 137:Core/Src/stm32f1xx_hal_msp.c ****     PB6     ------> I2C1_SCL
 138:Core/Src/stm32f1xx_hal_msp.c ****     PB7     ------> I2C1_SDA
 139:Core/Src/stm32f1xx_hal_msp.c ****     */
 140:Core/Src/stm32f1xx_hal_msp.c ****     HAL_GPIO_DeInit(GPIOB, GPIO_PIN_6);
 243              		.loc 1 140 5 view .LVU55
ARM GAS  /tmp/ccQ1fsUP.s 			page 8


 244 0016 074C     		ldr	r4, .L18+8
 245 0018 4021     		movs	r1, #64
 246 001a 2046     		mov	r0, r4
 247              	.LVL9:
 248              		.loc 1 140 5 is_stmt 0 view .LVU56
 249 001c FFF7FEFF 		bl	HAL_GPIO_DeInit
 250              	.LVL10:
 141:Core/Src/stm32f1xx_hal_msp.c **** 
 142:Core/Src/stm32f1xx_hal_msp.c ****     HAL_GPIO_DeInit(GPIOB, GPIO_PIN_7);
 251              		.loc 1 142 5 is_stmt 1 view .LVU57
 252 0020 8021     		movs	r1, #128
 253 0022 2046     		mov	r0, r4
 254 0024 FFF7FEFF 		bl	HAL_GPIO_DeInit
 255              	.LVL11:
 143:Core/Src/stm32f1xx_hal_msp.c **** 
 144:Core/Src/stm32f1xx_hal_msp.c ****   /* USER CODE BEGIN I2C1_MspDeInit 1 */
 145:Core/Src/stm32f1xx_hal_msp.c **** 
 146:Core/Src/stm32f1xx_hal_msp.c ****   /* USER CODE END I2C1_MspDeInit 1 */
 147:Core/Src/stm32f1xx_hal_msp.c ****   }
 148:Core/Src/stm32f1xx_hal_msp.c **** 
 149:Core/Src/stm32f1xx_hal_msp.c **** }
 256              		.loc 1 149 1 is_stmt 0 view .LVU58
 257 0028 10BD     		pop	{r4, pc}
 258              	.L19:
 259 002a 00BF     		.align	2
 260              	.L18:
 261 002c 00540040 		.word	1073763328
 262 0030 00100240 		.word	1073876992
 263 0034 000C0140 		.word	1073810432
 264              		.cfi_endproc
 265              	.LFE65:
 267              		.text
 268              	.Letext0:
 269              		.file 2 "/usr/lib/gcc/arm-none-eabi/10.3.1/include/stdint.h"
 270              		.file 3 "Drivers/CMSIS/Device/ST/STM32F1xx/Include/stm32f103xb.h"
 271              		.file 4 "Drivers/STM32F1xx_HAL_Driver/Inc/stm32f1xx_hal_def.h"
 272              		.file 5 "Drivers/STM32F1xx_HAL_Driver/Inc/stm32f1xx_hal_gpio.h"
 273              		.file 6 "Drivers/STM32F1xx_HAL_Driver/Inc/stm32f1xx_hal_dma.h"
 274              		.file 7 "Drivers/STM32F1xx_HAL_Driver/Inc/stm32f1xx_hal_i2c.h"
ARM GAS  /tmp/ccQ1fsUP.s 			page 9


DEFINED SYMBOLS
                            *ABS*:0000000000000000 stm32f1xx_hal_msp.c
     /tmp/ccQ1fsUP.s:16     .text.HAL_MspInit:0000000000000000 $t
     /tmp/ccQ1fsUP.s:24     .text.HAL_MspInit:0000000000000000 HAL_MspInit
     /tmp/ccQ1fsUP.s:91     .text.HAL_MspInit:000000000000003c $d
     /tmp/ccQ1fsUP.s:97     .text.HAL_I2C_MspInit:0000000000000000 $t
     /tmp/ccQ1fsUP.s:104    .text.HAL_I2C_MspInit:0000000000000000 HAL_I2C_MspInit
     /tmp/ccQ1fsUP.s:202    .text.HAL_I2C_MspInit:0000000000000058 $d
     /tmp/ccQ1fsUP.s:209    .text.HAL_I2C_MspDeInit:0000000000000000 $t
     /tmp/ccQ1fsUP.s:216    .text.HAL_I2C_MspDeInit:0000000000000000 HAL_I2C_MspDeInit
     /tmp/ccQ1fsUP.s:261    .text.HAL_I2C_MspDeInit:000000000000002c $d

UNDEFINED SYMBOLS
HAL_GPIO_Init
HAL_GPIO_DeInit
